# JRE version: Java(TM) SE Runtime Environment (8.0_181-b13) (build 1.8.0_181-b13)
# Java VM: Java HotSpot(TM) 64-Bit Server VM (25.181-b13 mixed mode windows-amd64 compressed oops)
Heap:
 garbage-first heap   total 131072K, used 57504K [0x00000000c0000000, 0x00000000c0100400, 0x0000000100000000)
  region size 1024K, 48 young (49152K), 3 survivors (3072K)
 Metaspace       used 20319K, capacity 21170K, committed 21296K, reserved 1069056K
  class space    used 2080K, capacity 2380K, committed 2432K, reserved 1048576K
GC Heap History (7 events):
Event: 19.996 GC heap before
{Heap before GC invocations=0 (full 0):
 garbage-first heap   total 131072K, used 6144K [0x00000000c0000000, 0x00000000c0100400, 0x0000000100000000)
  region size 1024K, 6 young (6144K), 0 survivors (0K)
 Metaspace       used 4933K, capacity 5050K, committed 5248K, reserved 1056768K
  class space    used 526K, capacity 558K, committed 640K, reserved 1048576K
Event: 20.013 GC heap after
Heap after GC invocations=1 (full 0):
 garbage-first heap   total 131072K, used 2304K [0x00000000c0000000, 0x00000000c0100400, 0x0000000100000000)
  region size 1024K, 1 young (1024K), 1 survivors (1024K)
 Metaspace       used 4933K, capacity 5050K, committed 5248K, reserved 1056768K
  class space    used 526K, capacity 558K, committed 640K, reserved 1048576K
}
Event: 22.038 GC heap before
{Heap before GC invocations=1 (full 0):
 garbage-first heap   total 131072K, used 8448K [0x00000000c0000000, 0x00000000c0100400, 0x0000000100000000)
  region size 1024K, 7 young (7168K), 1 survivors (1024K)
 Metaspace       used 5658K, capacity 5772K, committed 6016K, reserved 1056768K
  class space    used 603K, capacity 631K, committed 640K, reserved 1048576K
Event: 22.056 GC heap after
Heap after GC invocations=2 (full 0):
 garbage-first heap   total 131072K, used 4560K [0x00000000c0000000, 0x00000000c0100400, 0x0000000100000000)
  region size 1024K, 1 young (1024K), 1 survivors (1024K)
 Metaspace       used 5658K, capacity 5772K, committed 6016K, reserved 1056768K
  class space    used 603K, capacity 631K, committed 640K, reserved 1048576K
}
Event: 32.125 GC heap before
{Heap before GC invocations=2 (full 0):
 garbage-first heap   total 131072K, used 26064K [0x00000000c0000000, 0x00000000c0100400, 0x0000000100000000)
  region size 1024K, 22 young (22528K), 1 survivors (1024K)
 Metaspace       used 11979K, capacity 12692K, committed 13056K, reserved 1060864K
  class space    used 1229K, capacity 1423K, committed 1536K, reserved 1048576K
Event: 32.174 GC heap after
Heap after GC invocations=3 (full 0):
 garbage-first heap   total 131072K, used 11935K [0x00000000c0000000, 0x00000000c0100400, 0x0000000100000000)
  region size 1024K, 3 young (3072K), 3 survivors (3072K)
 Metaspace       used 11979K, capacity 12692K, committed 13056K, reserved 1060864K
  class space    used 1229K, capacity 1423K, committed 1536K, reserved 1048576K
}
Event: 41.518 GC heap before
{Heap before GC invocations=3 (full 0):
 garbage-first heap   total 131072K, used 56991K [0x00000000c0000000, 0x00000000c0100400, 0x0000000100000000)
  region size 1024K, 48 young (49152K), 3 survivors (3072K)
 Metaspace       used 20319K, capacity 21170K, committed 21296K, reserved 1069056K
  class space    used 2080K, capacity 2380K, committed 2432K, reserved 1048576K

